<component name="libraryTable">
  <library name="junit-4.9">
    <CLASSES>
      <root url="jar://C:/Program Files (x86)/JetBrains/IntelliJ IDEA 110.3/lib/junit-4.9.jar!/" />
      <root url="jar://C:/Program Files (x86)/JetBrains/IntelliJ IDEA 110.3/lib/junit.jar!/" />
    </CLASSES>
    <JAVADOC />
    <SOURCES />
  </library>
</component>